<?xml version="1.0" encoding="UTF-8"?>
<testng-results skipped="0" failed="0" total="1" passed="1">
  <reporter-output>
  </reporter-output>
  <suite name="Default suite" duration-ms="703" started-at="2018-05-18T06:50:56Z" finished-at="2018-05-18T06:50:57Z">
    <groups>
    </groups>
    <test name="Default test" duration-ms="703" started-at="2018-05-18T06:50:56Z" finished-at="2018-05-18T06:50:57Z">
      <class name="chapter1.BraveKnightTest">
        <test-method status="PASS" signature="springTestContextBeforeTestClass()[pri:0, instance:chapter1.BraveKnightTest@26a7b76d]" name="springTestContextBeforeTestClass" is-config="true" duration-ms="17" started-at="2018-05-18T14:50:56Z" finished-at="2018-05-18T14:50:56Z">
          <reporter-output>
          </reporter-output>
        </test-method> <!-- springTestContextBeforeTestClass -->
        <test-method status="PASS" signature="springTestContextPrepareTestInstance()[pri:0, instance:chapter1.BraveKnightTest@26a7b76d]" name="springTestContextPrepareTestInstance" is-config="true" duration-ms="638" started-at="2018-05-18T14:50:56Z" depends-on-methods="org.springframework.test.context.testng.AbstractTestNGSpringContextTests.springTestContextBeforeTestClass" finished-at="2018-05-18T14:50:57Z">
          <reporter-output>
          </reporter-output>
        </test-method> <!-- springTestContextPrepareTestInstance -->
        <test-method status="PASS" signature="springTestContextBeforeTestMethod(java.lang.reflect.Method)[pri:0, instance:chapter1.BraveKnightTest@26a7b76d]" name="springTestContextBeforeTestMethod" is-config="true" duration-ms="1" started-at="2018-05-18T14:50:57Z" finished-at="2018-05-18T14:50:57Z">
          <params>
            <param index="0">
              <value>
                <![CDATA[public void chapter1.BraveKnightTest.f()]]>
              </value>
            </param>
          </params>
          <reporter-output>
          </reporter-output>
        </test-method> <!-- springTestContextBeforeTestMethod -->
        <test-method status="PASS" signature="f()[pri:0, instance:chapter1.BraveKnightTest@26a7b76d]" name="f" duration-ms="9" started-at="2018-05-18T14:50:57Z" finished-at="2018-05-18T14:50:57Z">
          <reporter-output>
          </reporter-output>
        </test-method> <!-- f -->
        <test-method status="PASS" signature="springTestContextAfterTestMethod(java.lang.reflect.Method)[pri:0, instance:chapter1.BraveKnightTest@26a7b76d]" name="springTestContextAfterTestMethod" is-config="true" duration-ms="1" started-at="2018-05-18T14:50:57Z" finished-at="2018-05-18T14:50:57Z">
          <params>
            <param index="0">
              <value>
                <![CDATA[public void chapter1.BraveKnightTest.f()]]>
              </value>
            </param>
          </params>
          <reporter-output>
          </reporter-output>
        </test-method> <!-- springTestContextAfterTestMethod -->
        <test-method status="PASS" signature="springTestContextAfterTestClass()[pri:0, instance:chapter1.BraveKnightTest@26a7b76d]" name="springTestContextAfterTestClass" is-config="true" duration-ms="2" started-at="2018-05-18T14:50:57Z" finished-at="2018-05-18T14:50:57Z">
          <reporter-output>
          </reporter-output>
        </test-method> <!-- springTestContextAfterTestClass -->
      </class> <!-- chapter1.BraveKnightTest -->
    </test> <!-- Default test -->
  </suite> <!-- Default suite -->
</testng-results>
